-------------------------------------------------------------------------------
Test set: conduitApp.ConduitTest
-------------------------------------------------------------------------------
Tests run: 1, Failures: 1, Errors: 0, Skipped: 0, Time elapsed: 8.533 s <<< FAILURE! - in conduitApp.ConduitTest
singleTestTags[1][1]  Time elapsed: 5.151 s  <<< FAILURE!
org.opentest4j.AssertionFailedError: 
status code was: 204, expected: 200, response time in milliseconds: 795, url: https://conduit.productionready.io/api/articles/Test-Delete-Article-195303, response: 

classpath:conduitApp/feature/Articles.feature:56

