<?xml version="1.0" encoding="UTF-8"?>
<testsuite xmlns:xsi="http://www.w3.org/2001/XMLSchema-instance" xsi:noNamespaceSchemaLocation="https://maven.apache.org/surefire/maven-surefire-plugin/xsd/surefire-test-report.xsd" name="conduitApp.ConduitTest" time="8.533" tests="1" errors="0" skipped="0" failures="1">
  <properties>
[...]
</properties>
  <testcase name="singleTestTags[1][1]" classname="conduitApp.ConduitTest" time="5.151">
    <failure message="status code was: 204, expected: 200, response time in milliseconds: 795, url: https://conduit.productionready.io/api/articles/Test-Delete-Article-195303, response: &#10;&#10;classpath:conduitApp/feature/Articles.feature:56" type="org.opentest4j.AssertionFailedError">org.opentest4j.AssertionFailedError: 
status code was: 204, expected: 200, response time in milliseconds: 795, url: https://conduit.productionready.io/api/articles/Test-Delete-Article-195303, response: 

classpath:conduitApp/feature/Articles.feature:56
</failure>
    <system-out><![CDATA[23:10:37.806 [main] DEBUG com.intuit.karate.Suite - [config] classpath:karate-config.js
23:10:39.560 [main] INFO  com.intuit.karate - karate.env system property was: null 
23:10:40.204 [main] DEBUG com.intuit.karate - request:
1 > POST https://conduit.productionready.io/api/users/login
1 > Content-Type: application/json; charset=UTF-8
1 > Content-Length: 65
1 > Host: conduit.productionready.io
1 > Connection: Keep-Alive
1 > User-Agent: Apache-HttpClient/4.5.14 (Java/11.0.16.1)
1 > Accept-Encoding: gzip,deflate
{"user":{"email":"karatedemo47@test.com","password":"Abcd#4567"}}

23:10:40.519 [main] DEBUG com.intuit.karate - request:
2 > POST https://conduit.productionready.io/api/users/login
2 > Content-Type: application/json; charset=UTF-8
2 > Content-Length: 65
2 > Host: api.realworld.io
2 > Connection: Keep-Alive
2 > User-Agent: Apache-HttpClient/4.5.14 (Java/11.0.16.1)
2 > Accept-Encoding: gzip,deflate
{"user":{"email":"karatedemo47@test.com","password":"Abcd#4567"}}

23:10:41.532 [main] DEBUG com.intuit.karate - response time in milliseconds: 1008
2 < 200
2 < Date: Sat, 01 Jul 2023 17:40:42 GMT
2 < Content-Type: application/json; charset=utf-8
2 < Transfer-Encoding: chunked
2 < Connection: keep-alive
2 < X-Powered-By: Express
2 < Access-Control-Allow-Origin: *
2 < Etag: W/"163-SV2mJl75ZkSdQtz7olKHLEDbAVo"
2 < Via: 1.1 vegur
2 < CF-Cache-Status: DYNAMIC
2 < Report-To: {"endpoints":[{"url":"https:\/\/a.nel.cloudflare.com\/report\/v3?s=DMVMzAV91pweR20FydyYFZvIwAV5qmVFENGhkvZMzt6Y0QhNHJ6cg0itKqGN8MkuH%2BXY15rNOSMtjiYeWdbUlRXCIpuP1AF2n7tqC6gURVp5KeQ7BRqe85ch6B9Ab2ZukzLn"}],"group":"cf-nel","max_age":604800}
2 < NEL: {"success_fraction":0,"report_to":"cf-nel","max_age":604800}
2 < Server: cloudflare
2 < CF-RAY: 7e006f82f8698600-BOM
2 < alt-svc: h3=":443"; ma=86400
{"user":{"email":"karatedemo47@test.com","username":"karateDemo47","bio":null,"image":"https://api.realworld.io/images/smiley-cyrus.jpeg","token":"eyJhbGciOiJIUzI1NiIsInR5cCI6IkpXVCJ9.eyJlbWFpbCI6ImthcmF0ZWRlbW80N0B0ZXN0LmNvbSIsInVzZXJuYW1lIjoia2FyYXRlRGVtbzQ3IiwiaWF0IjoxNjg4MjMzMjQyLCJleHAiOjE2OTM0MTcyNDJ9.RdymcFGtS0k4vxKMUYc535xKyMAuCPPqP6qiNjjRm84"}}

23:10:41.559 [main] DEBUG com.intuit.karate - request:
3 > POST https://conduit.productionready.io/api/articles
3 > Authorization: Token eyJhbGciOiJIUzI1NiIsInR5cCI6IkpXVCJ9.eyJlbWFpbCI6ImthcmF0ZWRlbW80N0B0ZXN0LmNvbSIsInVzZXJuYW1lIjoia2FyYXRlRGVtbzQ3IiwiaWF0IjoxNjg4MjMzMjQyLCJleHAiOjE2OTM0MTcyNDJ9.RdymcFGtS0k4vxKMUYc535xKyMAuCPPqP6qiNjjRm84
3 > Content-Type: application/json; charset=UTF-8
3 > Content-Length: 175
3 > Host: conduit.productionready.io
3 > Connection: Keep-Alive
3 > User-Agent: Apache-HttpClient/4.5.14 (Java/11.0.16.1)
3 > Accept-Encoding: gzip,deflate
{"article":{"title":"Test Delete Article","description":"This article is to demonstrate delete article.","body":"This article will be created and then deleted.","tagList":[]}}

23:10:41.621 [main] DEBUG com.intuit.karate - request:
4 > POST https://conduit.productionready.io/api/articles
4 > Authorization: Token eyJhbGciOiJIUzI1NiIsInR5cCI6IkpXVCJ9.eyJlbWFpbCI6ImthcmF0ZWRlbW80N0B0ZXN0LmNvbSIsInVzZXJuYW1lIjoia2FyYXRlRGVtbzQ3IiwiaWF0IjoxNjg4MjMzMjQyLCJleHAiOjE2OTM0MTcyNDJ9.RdymcFGtS0k4vxKMUYc535xKyMAuCPPqP6qiNjjRm84
4 > Content-Type: application/json; charset=UTF-8
4 > Content-Length: 175
4 > Host: api.realworld.io
4 > Connection: Keep-Alive
4 > User-Agent: Apache-HttpClient/4.5.14 (Java/11.0.16.1)
4 > Accept-Encoding: gzip,deflate
{"article":{"title":"Test Delete Article","description":"This article is to demonstrate delete article.","body":"This article will be created and then deleted.","tagList":[]}}

23:10:42.483 [main] DEBUG com.intuit.karate - response time in milliseconds: 860
4 < 200
4 < Date: Sat, 01 Jul 2023 17:40:43 GMT
4 < Content-Type: application/json; charset=utf-8
4 < Transfer-Encoding: chunked
4 < Connection: keep-alive
4 < X-Powered-By: Express
4 < Access-Control-Allow-Origin: *
4 < Etag: W/"1c4-q6yrVqbteFsU6FejjyhDia0gqEQ"
4 < Via: 1.1 vegur
4 < CF-Cache-Status: DYNAMIC
4 < Report-To: {"endpoints":[{"url":"https:\/\/a.nel.cloudflare.com\/report\/v3?s=kQgZULZ3nZT%2FQifrkqBPaaRG3xrgQH6H8aB9CdFPmAdx4HwzZBQAWCHruT%2B5wqpOsOCvd7o50bRftSCLfL5IBkcLVWmw10Pp8Yh4LXH7ZeaPyRKTuzU3AYDTiYC%2BX3VrYjNs"}],"group":"cf-nel","max_age":604800}
4 < NEL: {"success_fraction":0,"report_to":"cf-nel","max_age":604800}
4 < Server: cloudflare
4 < CF-RAY: 7e006f898b37f56f-BOM
4 < alt-svc: h3=":443"; ma=86400
{"article":{"slug":"Test-Delete-Article-195303","title":"Test Delete Article","description":"This article is to demonstrate delete article.","body":"This article will be created and then deleted.","tagList":[],"createdAt":"2023-07-01T17:40:43.662Z","updatedAt":"2023-07-01T17:40:43.662Z","favorited":false,"favoritesCount":0,"author":{"username":"karateDemo47","bio":null,"image":"https://api.realworld.io/images/smiley-cyrus.jpeg","following":false}}}

23:10:42.545 [main] DEBUG com.intuit.karate - request:
5 > DELETE https://conduit.productionready.io/api/articles/Test-Delete-Article-195303
5 > Authorization: Token eyJhbGciOiJIUzI1NiIsInR5cCI6IkpXVCJ9.eyJlbWFpbCI6ImthcmF0ZWRlbW80N0B0ZXN0LmNvbSIsInVzZXJuYW1lIjoia2FyYXRlRGVtbzQ3IiwiaWF0IjoxNjg4MjMzMjQyLCJleHAiOjE2OTM0MTcyNDJ9.RdymcFGtS0k4vxKMUYc535xKyMAuCPPqP6qiNjjRm84
5 > Host: conduit.productionready.io
5 > Connection: Keep-Alive
5 > User-Agent: Apache-HttpClient/4.5.14 (Java/11.0.16.1)
5 > Accept-Encoding: gzip,deflate


23:10:42.676 [main] DEBUG com.intuit.karate - request:
6 > DELETE https://conduit.productionready.io/api/articles/Test-Delete-Article-195303
6 > Authorization: Token eyJhbGciOiJIUzI1NiIsInR5cCI6IkpXVCJ9.eyJlbWFpbCI6ImthcmF0ZWRlbW80N0B0ZXN0LmNvbSIsInVzZXJuYW1lIjoia2FyYXRlRGVtbzQ3IiwiaWF0IjoxNjg4MjMzMjQyLCJleHAiOjE2OTM0MTcyNDJ9.RdymcFGtS0k4vxKMUYc535xKyMAuCPPqP6qiNjjRm84
6 > Host: api.realworld.io
6 > Connection: Keep-Alive
6 > User-Agent: Apache-HttpClient/4.5.14 (Java/11.0.16.1)
6 > Accept-Encoding: gzip,deflate


23:10:43.473 [main] DEBUG com.intuit.karate - response time in milliseconds: 795
6 < 204
6 < Date: Sat, 01 Jul 2023 17:40:44 GMT
6 < Content-Length: 0
6 < Connection: keep-alive
6 < X-Powered-By: Express
6 < Access-Control-Allow-Origin: *
6 < Etag: W/"a-bAsFyilMr4Ra1hIU5PyoyFRunpI"
6 < Via: 1.1 vegur
6 < CF-Cache-Status: DYNAMIC
6 < Report-To: {"endpoints":[{"url":"https:\/\/a.nel.cloudflare.com\/report\/v3?s=bZBzUVsgf5X6HEg1jLszSf44noGOw9K5GZvf7poiEt11qxSAJzBQAau0c2EZyri%2BySgmSRLAsLESLbGy3O0qcjXylMEGkXZonXfZdDc1etDdJlRxkVILpWpLt5IZ2S6eQLbC"}],"group":"cf-nel","max_age":604800}
6 < NEL: {"success_fraction":0,"report_to":"cf-nel","max_age":604800}
6 < Server: cloudflare
6 < CF-RAY: 7e006f906cd5f54f-BOM
6 < alt-svc: h3=":443"; ma=86400


23:10:43.502 [main] ERROR com.intuit.karate - classpath:conduitApp/feature/Articles.feature:56
Then status 200
status code was: 204, expected: 200, response time in milliseconds: 795, url: https://conduit.productionready.io/api/articles/Test-Delete-Article-195303, response: 

classpath:conduitApp/feature/Articles.feature:56
---------------------------------------------------------
feature: classpath:conduitApp/feature/Articles.feature
scenarios:  1 | passed:  0 | failed:  1 | time: 3.8723
---------------------------------------------------------

]]></system-out>
  </testcase>
</testsuite>